beagle.28Jun21.220.jar (version 5.2)
Copyright (C) 2014-2021 Brian L. Browning
Enter "java -jar beagle.28Jun21.220.jar" to list command line argument
Start time: 06:25 PM CST on 18 Feb 2022

Command line: java -Xmx9102m -jar beagle.28Jun21.220.jar
  gt=example_PRSS.reshape.vcf
  out=example_PRSS

No genetic map is specified: using 1 cM = 1 Mb

Reference samples:                    0
Study     samples:                    4

Window 1 [PRSS1_PRSS2:206-51917]
Reference markers:                  256
Study     markers:                  256

Burnin  iteration 1:           0 seconds
Burnin  iteration 2:           0 seconds
Burnin  iteration 3:           0 seconds

Estimated ne:                  10051

Phasing iteration 1:           0 seconds
Phasing iteration 2:           0 seconds
Phasing iteration 3:           0 seconds
Phasing iteration 4:           0 seconds
Phasing iteration 5:           0 seconds
Phasing iteration 6:           0 seconds
Phasing iteration 7:           0 seconds
Phasing iteration 8:           0 seconds
Phasing iteration 9:           0 seconds
Phasing iteration 10:          0 seconds
Phasing iteration 11:          0 seconds
Phasing iteration 12:          0 seconds

Cumulative Statistics:

Study     markers:                  256

Haplotype phasing time:        1 second
Total time:                    2 seconds

End time: 06:25 PM CST on 18 Feb 2022
beagle.28Jun21.220.jar finished
